Best allocation
Memory usage: 
	[|||||||||||||||||||||||||||||||||||||||||||||||||||||||||||||||||||||||||||||||||||||||||||||||||||||||||||||||||||||||||||||||||||||||||||||||||||||.]
	99.48% of memory used.
	2.08% of memory used by allocator.

Memory usage: 
	[......................................................................................................................................................]
	50.78% of memory used.
	2.08% of memory used by allocator.

Memory usage: 
	[||||||||||||||||||||||||||||||||||||||||||||||||||||||||||||||||||||||||||||||||||||||||||||||||||||||||||||||||||||||||||||||||||||||||||||||||||||..]
	99.48% of memory used.
	2.09% of memory used by allocator.

Memory usage: 
	[|||||||||||||||||||||||||||||||||||||||||||||||||||||||||||||||||||||||||||||||||||||||||||||||||||||||||||||||||||||||||||||||||||||||||||||||||||||.]
	99.48% of memory used.
	2.08% of memory used by allocator.

Memory usage: 
	[......................................................................................................................................................]
	50.83% of memory used.
	2.08% of memory used by allocator.

Memory usage: 
	[|||||||||||||||||||||||||||||||||||||||||||||||||||||||||||||||||||||||||||||||||||||||||||||||||||||||||||||||||||||||||||||||||||||||||||||||||||||.]
	99.48% of memory used.
	2.08% of memory used by allocator.

Memory usage: 
	[|||||||||||||||||||||||||||||||||||||||||||||||||||||||||||||||||||||||||||||||||||||||||||||||||||||||||||||||||||||||||||||||||||||||||||||||||||||.]
	99.48% of memory used.
	2.07% of memory used by allocator.

Memory usage: 
	[......................................................................................................................................................]
	50.77% of memory used.
	2.07% of memory used by allocator.

Memory usage: 
	[||||||||||||||||||||||||||||||||||||||||||||||||||||||||||||||||||||||||||||||||||||||||||||||||||||||||||||||||||||||||||||||||||||||||||||||||||||..]
	99.48% of memory used.
	2.07% of memory used by allocator.

Memory usage: 
	[|||||||||||||||||||||||||||||||||||||||||||||||||||||||||||||||||||||||||||||||||||||||||||||||||||||||||||||||||||||||||||||||||||||||||||||||||||||.]
	99.48% of memory used.
	2.07% of memory used by allocator.

Memory usage: 
	[......................................................................................................................................................]
	50.70% of memory used.
	2.07% of memory used by allocator.

Memory usage: 
	[||||||||||||||||||||||||||||||||||||||||||||||||||||||||||||||||||||||||||||||||||||||||||||||||||||||||||||||||||||||||||||||||||||||||||||||||||||..]
	99.48% of memory used.
	2.07% of memory used by allocator.

Memory usage: 
	[|||||||||||||||||||||||||||||||||||||||||||||||||||||||||||||||||||||||||||||||||||||||||||||||||||||||||||||||||||||||||||||||||||||||||||||||||||||.]
	99.48% of memory used.
	2.07% of memory used by allocator.

Memory usage: 
	[......................................................................................................................................................]
	50.69% of memory used.
	2.07% of memory used by allocator.

Memory usage: 
	[||||||||||||||||||||||||||||||||||||||||||||||||||||||||||||||||||||||||||||||||||||||||||||||||||||||||||||||||||||||||||||||||||||||||||||||||||||..]
	99.48% of memory used.
	2.07% of memory used by allocator.

Memory usage: 
	[|||||||||||||||||||||||||||||||||||||||||||||||||||||||||||||||||||||||||||||||||||||||||||||||||||||||||||||||||||||||||||||||||||||||||||||||||||||.]
	99.48% of memory used.
	2.08% of memory used by allocator.

Memory usage: 
	[......................................................................................................................................................]
	50.93% of memory used.
	2.08% of memory used by allocator.

Memory usage: 
	[|||||||||||||||||||||||||||||||||||||||||||||||||||||||||||||||||||||||||||||||||||||||||||||||||||||||||||||||||||||||||||||||||||||||||||||||||||||.]
	99.48% of memory used.
	2.08% of memory used by allocator.

Memory usage: 
	[|||||||||||||||||||||||||||||||||||||||||||||||||||||||||||||||||||||||||||||||||||||||||||||||||||||||||||||||||||||||||||||||||||||||||||||||||||||.]
	99.48% of memory used.
	2.08% of memory used by allocator.

Memory usage: 
	[......................................................................................................................................................]
	50.49% of memory used.
	2.08% of memory used by allocator.

Memory usage: 
	[|||||||||||||||||||||||||||||||||||||||||||||||||||||||||||||||||||||||||||||||||||||||||||||||||||||||||||||||||||||||||.|||.||||||||||||||||||||||..]
	99.48% of memory used.
	2.08% of memory used by allocator.

Memory usage: 
	[|||||||||||||||||||||||||||||||||||||||||||||||||||||||||||||||||||||||||||||||||||||||||||||||||||||||||||||||||||||||||||||||||||||||||||||||||||||.]
	99.48% of memory used.
	2.07% of memory used by allocator.

Memory usage: 
	[......................................................................................................................................................]
	50.87% of memory used.
	2.07% of memory used by allocator.

Memory usage: 
	[|||||||||||||||||||||||||||||||||||||||||||||||||||||||||||||||||||||||||||||||||||||||||||||||||||||||||||||||||||||||||||||||||||.||||||||||||||||..]
	99.48% of memory used.
	2.07% of memory used by allocator.

Memory usage: 
	[|||||||||||||||||||||||||||||||||||||||||||||||||||||||||||||||||||||||||||||||||||||||||||||||||||||||||||||||||||||||||||||||||||||||||||||||||||||.]
	99.48% of memory used.
	2.08% of memory used by allocator.

Memory usage: 
	[......................................................................................................................................................]
	50.75% of memory used.
	2.08% of memory used by allocator.

Memory usage: 
	[||||||||||||||||||||||||||||||||||||||||||||||||||||||||||||||||||||||||||||||||||||||||||||||||||||||||||||||||||||||||||||||||||||||||||||||||||||..]
	99.48% of memory used.
	2.08% of memory used by allocator.

Memory usage: 
	[|||||||||||||||||||||||||||||||||||||||||||||||||||||||||||||||||||||||||||||||||||||||||||||||||||||||||||||||||||||||||||||||||||||||||||||||||||||.]
	99.48% of memory used.
	2.08% of memory used by allocator.

Memory usage: 
	[......................................................................................................................................................]
	50.75% of memory used.
	2.08% of memory used by allocator.

Memory usage: 
	[||||||||||||||||||||||||||||||||||||||||||||||||||||||||||||||||||||||||||||||||||||||||||||||||||||||||||||||||||||||||||||||||||||||||||||||||||||..]
	99.48% of memory used.
	2.08% of memory used by allocator.

Allocations 9738.3, deallocations 3246.3
Avegare size of element 1500
Avegare allocation time 6.62108e-05
Avegare deallocation time 1.86828e-07
Average fails counter 0
