Best allocation
Memory usage: 
	[.........................................................................................|..................|..........|..|...|....|..|.|.|...||||.|..]
	96.86% of memory used.
	0.74% of memory used by allocator.

Memory usage: 
	[............................................................................|.................................................|....|||...|..||||||.||.]
	96.67% of memory used.
	0.77% of memory used by allocator.

Memory usage: 
	[..............................................................|................................................|.........|.............|.........|....]
	95.72% of memory used.
	0.76% of memory used by allocator.

Memory usage: 
	[.........................................................................................................|......|..|..........|............|..|.|..||.]
	96.75% of memory used.
	0.79% of memory used by allocator.

Memory usage: 
	[............................................................................................|....|........|......|.................|......|....|..|...]
	96.65% of memory used.
	0.77% of memory used by allocator.

Memory usage: 
	[............................................................................................................................|..|.|......|.....|..|||..]
	96.90% of memory used.
	0.79% of memory used by allocator.

Memory usage: 
	[............................................................................................................................||.|..|........|.|...|.|..]
	96.89% of memory used.
	0.80% of memory used by allocator.

Memory usage: 
	[................................................................................................................|...........................|.....|.|.]
	96.74% of memory used.
	0.79% of memory used by allocator.

Memory usage: 
	[................................|....................................|.........................|..................................|...|........|||..|.]
	96.56% of memory used.
	0.77% of memory used by allocator.

Memory usage: 
	[...................................................................................................|..|.......|..............|....|......|...|.||.||..]
	96.88% of memory used.
	0.76% of memory used by allocator.

Allocations 5998.3, deallocations 4001.7
Avegare size of element 5516
Avegare allocation time 1.63094e-05
Avegare deallocation time 2.04863e-07
Average fails counter 182.5
