Simple allocation
Memory usage: 
	[....................................................................................................................|....|.....|..|.|...|..|.......||.]
	92.98% of memory used.
	0.77% of memory used by allocator.

Memory usage: 
	[...............................................................................................................................|......|.......|.....|.]
	93.00% of memory used.
	0.79% of memory used by allocator.

Memory usage: 
	[...................................................................................................................................................|..]
	92.46% of memory used.
	0.80% of memory used by allocator.

Memory usage: 
	[................................................................................................................................................|.....]
	93.48% of memory used.
	0.80% of memory used by allocator.

Memory usage: 
	[........................................................................................................................|.................|.....|.||..]
	93.70% of memory used.
	0.79% of memory used by allocator.

Memory usage: 
	[.............................................................................................................................................|....|...]
	93.33% of memory used.
	0.82% of memory used by allocator.

Memory usage: 
	[.................................................................................................................................|.................|..]
	93.22% of memory used.
	0.82% of memory used by allocator.

Memory usage: 
	[.....................................................................................................................................|................]
	93.31% of memory used.
	0.81% of memory used by allocator.

Memory usage: 
	[..........................................................................................................................|...........................]
	93.35% of memory used.
	0.79% of memory used by allocator.

Memory usage: 
	[.............................................................................................................................................|......|.]
	93.21% of memory used.
	0.79% of memory used by allocator.

Allocations 5998.3, deallocations 4001.7
Avegare size of element 5516
Avegare allocation time 1.10986e-05
Avegare deallocation time 2.43147e-07
Average fails counter 227.5
