Simple allocation
Memory usage: 
	[|||||||||||||||||||||||||||||||||||||||||||||||||||||||||||||||||||||||||||||||||||||||||||||||||||||||||||||||||||||||||||||||||||||||||||||||||||||.]
	99.48% of memory used.
	2.08% of memory used by allocator.

Memory usage: 
	[......................................................................................................................................................]
	50.78% of memory used.
	2.08% of memory used by allocator.

Memory usage: 
	[......................................................................................................................................................]
	97.61% of memory used.
	2.46% of memory used by allocator.

Memory usage: 
	[|||||||||||||||||||||||||||||||||||||||||||||||||||||||||||||||||||||||||||||||||||||||||||||||||||||||||||||||||||||||||||||||||||||||||||||||||||||.]
	99.48% of memory used.
	2.08% of memory used by allocator.

Memory usage: 
	[......................................................................................................................................................]
	50.83% of memory used.
	2.08% of memory used by allocator.

Memory usage: 
	[......................................................................................................................................................]
	97.62% of memory used.
	2.46% of memory used by allocator.

Memory usage: 
	[|||||||||||||||||||||||||||||||||||||||||||||||||||||||||||||||||||||||||||||||||||||||||||||||||||||||||||||||||||||||||||||||||||||||||||||||||||||.]
	99.48% of memory used.
	2.07% of memory used by allocator.

Memory usage: 
	[......................................................................................................................................................]
	50.77% of memory used.
	2.07% of memory used by allocator.

Memory usage: 
	[......................................................................................................................................................]
	97.56% of memory used.
	2.47% of memory used by allocator.

Memory usage: 
	[|||||||||||||||||||||||||||||||||||||||||||||||||||||||||||||||||||||||||||||||||||||||||||||||||||||||||||||||||||||||||||||||||||||||||||||||||||||.]
	99.48% of memory used.
	2.07% of memory used by allocator.

Memory usage: 
	[......................................................................................................................................................]
	50.70% of memory used.
	2.07% of memory used by allocator.

Memory usage: 
	[......................................................................................................................................................]
	97.72% of memory used.
	2.43% of memory used by allocator.

Memory usage: 
	[|||||||||||||||||||||||||||||||||||||||||||||||||||||||||||||||||||||||||||||||||||||||||||||||||||||||||||||||||||||||||||||||||||||||||||||||||||||.]
	99.48% of memory used.
	2.07% of memory used by allocator.

Memory usage: 
	[......................................................................................................................................................]
	50.69% of memory used.
	2.07% of memory used by allocator.

Memory usage: 
	[......................................................................................................................................................]
	97.64% of memory used.
	2.47% of memory used by allocator.

Memory usage: 
	[|||||||||||||||||||||||||||||||||||||||||||||||||||||||||||||||||||||||||||||||||||||||||||||||||||||||||||||||||||||||||||||||||||||||||||||||||||||.]
	99.48% of memory used.
	2.08% of memory used by allocator.

Memory usage: 
	[......................................................................................................................................................]
	50.93% of memory used.
	2.08% of memory used by allocator.

Memory usage: 
	[......................................................................................................................................................]
	97.88% of memory used.
	2.45% of memory used by allocator.

Memory usage: 
	[|||||||||||||||||||||||||||||||||||||||||||||||||||||||||||||||||||||||||||||||||||||||||||||||||||||||||||||||||||||||||||||||||||||||||||||||||||||.]
	99.48% of memory used.
	2.08% of memory used by allocator.

Memory usage: 
	[......................................................................................................................................................]
	50.49% of memory used.
	2.08% of memory used by allocator.

Memory usage: 
	[......................................................................................................................................................]
	97.82% of memory used.
	2.44% of memory used by allocator.

Memory usage: 
	[|||||||||||||||||||||||||||||||||||||||||||||||||||||||||||||||||||||||||||||||||||||||||||||||||||||||||||||||||||||||||||||||||||||||||||||||||||||.]
	99.48% of memory used.
	2.07% of memory used by allocator.

Memory usage: 
	[......................................................................................................................................................]
	50.87% of memory used.
	2.07% of memory used by allocator.

Memory usage: 
	[......................................................................................................................................................]
	97.82% of memory used.
	2.46% of memory used by allocator.

Memory usage: 
	[|||||||||||||||||||||||||||||||||||||||||||||||||||||||||||||||||||||||||||||||||||||||||||||||||||||||||||||||||||||||||||||||||||||||||||||||||||||.]
	99.48% of memory used.
	2.08% of memory used by allocator.

Memory usage: 
	[......................................................................................................................................................]
	50.75% of memory used.
	2.08% of memory used by allocator.

Memory usage: 
	[......................................................................................................................................................]
	97.76% of memory used.
	2.45% of memory used by allocator.

Memory usage: 
	[|||||||||||||||||||||||||||||||||||||||||||||||||||||||||||||||||||||||||||||||||||||||||||||||||||||||||||||||||||||||||||||||||||||||||||||||||||||.]
	99.48% of memory used.
	2.08% of memory used by allocator.

Memory usage: 
	[......................................................................................................................................................]
	50.75% of memory used.
	2.08% of memory used by allocator.

Memory usage: 
	[......................................................................................................................................................]
	97.89% of memory used.
	2.47% of memory used by allocator.

Allocations 9738.3, deallocations 3246.3
Avegare size of element 1500
Avegare allocation time 5.04132e-05
Avegare deallocation time 1.92927e-07
Average fails counter 128.7
